2019-08-27 19:48:25.602  INFO 8680 --- [main] com.sinothk.user.SinothkUserApplication  : The following profiles are active: db
2019-08-27 19:48:27.349  INFO 8680 --- [main] o.s.cloud.context.scope.GenericScope     : BeanFactory id=8c037d28-b5df-37eb-916a-785ad0fd620d
2019-08-27 19:48:27.481  INFO 8680 --- [main] trationDelegate$BeanPostProcessorChecker : Bean 'org.springframework.transaction.annotation.ProxyTransactionManagementConfiguration' of type [org.springframework.transaction.annotation.ProxyTransactionManagementConfiguration$$EnhancerBySpringCGLIB$$24732ffd] is not eligible for getting processed by all BeanPostProcessors (for example: not eligible for auto-proxying)
2019-08-27 19:48:27.518  INFO 8680 --- [main] trationDelegate$BeanPostProcessorChecker : Bean 'org.springframework.cloud.autoconfigure.ConfigurationPropertiesRebinderAutoConfiguration' of type [org.springframework.cloud.autoconfigure.ConfigurationPropertiesRebinderAutoConfiguration$$EnhancerBySpringCGLIB$$408d32fa] is not eligible for getting processed by all BeanPostProcessors (for example: not eligible for auto-proxying)
2019-08-27 19:48:27.742  INFO 8680 --- [main] o.s.b.w.embedded.tomcat.TomcatWebServer  : Tomcat initialized with port(s): 11000 (http)
2019-08-27 19:48:27.777  INFO 8680 --- [main] o.apache.catalina.core.StandardService   : Starting service [Tomcat]
2019-08-27 19:48:27.778  INFO 8680 --- [main] org.apache.catalina.core.StandardEngine  : Starting Servlet engine: [Apache Tomcat/9.0.21]
2019-08-27 19:48:27.789  INFO 8680 --- [main] o.a.catalina.core.AprLifecycleListener   : An older version [1.2.14] of the APR based Apache Tomcat Native library is installed, while Tomcat recommends a minimum version of [1.2.21]
2019-08-27 19:48:27.791  INFO 8680 --- [main] o.a.catalina.core.AprLifecycleListener   : Loaded APR based Apache Tomcat Native library [1.2.14] using APR version [1.6.2].
2019-08-27 19:48:27.791  INFO 8680 --- [main] o.a.catalina.core.AprLifecycleListener   : APR capabilities: IPv6 [true], sendfile [true], accept filters [false], random [true].
2019-08-27 19:48:27.792  INFO 8680 --- [main] o.a.catalina.core.AprLifecycleListener   : APR/OpenSSL configuration: useAprConnector [false], useOpenSSL [true]
2019-08-27 19:48:28.847  INFO 8680 --- [main] o.a.catalina.core.AprLifecycleListener   : OpenSSL successfully initialized [OpenSSL 1.0.2l  25 May 2017]
2019-08-27 19:48:29.038  INFO 8680 --- [main] o.a.c.c.C.[Tomcat].[localhost].[/]       : Initializing Spring embedded WebApplicationContext
2019-08-27 19:48:29.038 DEBUG 8680 --- [main] o.s.web.context.ContextLoader            : Published root WebApplicationContext as ServletContext attribute with name [org.springframework.web.context.WebApplicationContext.ROOT]
2019-08-27 19:48:29.039  INFO 8680 --- [main] o.s.web.context.ContextLoader            : Root WebApplicationContext: initialization completed in 3416 ms
2019-08-27 19:48:29.370  INFO 8680 --- [main] com.zaxxer.hikari.HikariDataSource       : HikariPool-1 - Starting...
2019-08-27 19:48:30.185  INFO 8680 --- [main] com.zaxxer.hikari.HikariDataSource       : HikariPool-1 - Start completed.
2019-08-27 19:48:32.038 DEBUG 8680 --- [main] s.w.s.m.m.a.RequestMappingHandlerMapping : 14 mappings in 'requestMappingHandlerMapping'
2019-08-27 19:48:32.126  INFO 8680 --- [main] pertySourcedRequestMappingHandlerMapping : Mapped URL path [/v2/api-docs] onto method [public org.springframework.http.ResponseEntity<springfox.documentation.spring.web.json.Json> springfox.documentation.swagger2.web.Swagger2Controller.getDocumentation(java.lang.String,javax.servlet.http.HttpServletRequest)]
2019-08-27 19:48:32.142  WARN 8680 --- [main] c.n.c.sources.URLConfigurationSource     : No URLs will be polled as dynamic configuration sources.
2019-08-27 19:48:32.143  INFO 8680 --- [main] c.n.c.sources.URLConfigurationSource     : To enable URLs as dynamic configuration sources, define System property archaius.configurationSource.additionalUrls or make config.properties available on classpath.
2019-08-27 19:48:32.146  WARN 8680 --- [main] c.n.c.sources.URLConfigurationSource     : No URLs will be polled as dynamic configuration sources.
2019-08-27 19:48:32.146  INFO 8680 --- [main] c.n.c.sources.URLConfigurationSource     : To enable URLs as dynamic configuration sources, define System property archaius.configurationSource.additionalUrls or make config.properties available on classpath.
2019-08-27 19:48:32.187 DEBUG 8680 --- [main] o.s.w.s.handler.SimpleUrlHandlerMapping  : Patterns [/**/favicon.ico] in 'faviconHandlerMapping'
2019-08-27 19:48:32.270  INFO 8680 --- [main] o.s.s.concurrent.ThreadPoolTaskExecutor  : Initializing ExecutorService 'applicationTaskExecutor'
2019-08-27 19:48:32.368 DEBUG 8680 --- [main] s.w.s.m.m.a.RequestMappingHandlerAdapter : ControllerAdvice beans: 0 @ModelAttribute, 0 @InitBinder, 1 RequestBodyAdvice, 1 ResponseBodyAdvice
2019-08-27 19:48:32.400 DEBUG 8680 --- [main] o.s.w.s.handler.SimpleUrlHandlerMapping  : Patterns [/webjars/**, /**] in 'resourceHandlerMapping'
2019-08-27 19:48:32.408 DEBUG 8680 --- [main] .m.m.a.ExceptionHandlerExceptionResolver : ControllerAdvice beans: 0 @ExceptionHandler, 1 ResponseBodyAdvice
2019-08-27 19:48:33.999  INFO 8680 --- [main] o.s.cloud.commons.util.InetUtils         : Cannot determine local hostname
2019-08-27 19:48:35.434  INFO 8680 --- [main] o.s.cloud.commons.util.InetUtils         : Cannot determine local hostname
2019-08-27 19:48:35.570  INFO 8680 --- [main] o.s.c.n.eureka.InstanceInfoFactory       : Setting initial instance status as: STARTING
2019-08-27 19:48:35.606  INFO 8680 --- [main] com.netflix.discovery.DiscoveryClient    : Initializing Eureka in region us-east-1
2019-08-27 19:48:36.711  INFO 8680 --- [main] c.n.d.provider.DiscoveryJerseyProvider   : Using JSON encoding codec LegacyJacksonJson
2019-08-27 19:48:36.711  INFO 8680 --- [main] c.n.d.provider.DiscoveryJerseyProvider   : Using JSON decoding codec LegacyJacksonJson
2019-08-27 19:48:36.804  INFO 8680 --- [main] c.n.d.provider.DiscoveryJerseyProvider   : Using XML encoding codec XStreamXml
2019-08-27 19:48:36.805  INFO 8680 --- [main] c.n.d.provider.DiscoveryJerseyProvider   : Using XML decoding codec XStreamXml
2019-08-27 19:48:37.079  INFO 8680 --- [main] c.n.d.s.r.aws.ConfigClusterResolver      : Resolving eureka endpoints via configuration
2019-08-27 19:48:37.371  INFO 8680 --- [main] com.netflix.discovery.DiscoveryClient    : Disable delta property : false
2019-08-27 19:48:37.371  INFO 8680 --- [main] com.netflix.discovery.DiscoveryClient    : Single vip registry refresh property : null
2019-08-27 19:48:37.371  INFO 8680 --- [main] com.netflix.discovery.DiscoveryClient    : Force full registry fetch : false
2019-08-27 19:48:37.371  INFO 8680 --- [main] com.netflix.discovery.DiscoveryClient    : Application is null : false
2019-08-27 19:48:37.371  INFO 8680 --- [main] com.netflix.discovery.DiscoveryClient    : Registered Applications size is zero : true
2019-08-27 19:48:37.372  INFO 8680 --- [main] com.netflix.discovery.DiscoveryClient    : Application version is -1: true
2019-08-27 19:48:37.372  INFO 8680 --- [main] com.netflix.discovery.DiscoveryClient    : Getting all instance registry info from the eureka server
2019-08-27 19:48:37.665  INFO 8680 --- [main] com.netflix.discovery.DiscoveryClient    : The response status is 200
2019-08-27 19:48:37.667  INFO 8680 --- [main] com.netflix.discovery.DiscoveryClient    : Starting heartbeat executor: renew interval is: 30
2019-08-27 19:48:37.670  INFO 8680 --- [main] c.n.discovery.InstanceInfoReplicator     : InstanceInfoReplicator onDemand update allowed rate per min is 4
2019-08-27 19:48:37.674  INFO 8680 --- [main] com.netflix.discovery.DiscoveryClient    : Discovery Client initialized at timestamp 1566906517673 with initial instances count: 0
2019-08-27 19:48:37.675  INFO 8680 --- [main] o.s.c.n.e.s.EurekaServiceRegistry        : Registering application SINOTHK-USER with eureka with status UP
2019-08-27 19:48:37.676  INFO 8680 --- [main] com.netflix.discovery.DiscoveryClient    : Saw local status change event StatusChangeEvent [timestamp=1566906517676, current=UP, previous=STARTING]
2019-08-27 19:48:37.679  INFO 8680 --- [main] d.s.w.p.DocumentationPluginsBootstrapper : Context refreshed
2019-08-27 19:48:37.679  INFO 8680 --- [DiscoveryClient-InstanceInfoReplicator-0] com.netflix.discovery.DiscoveryClient    : DiscoveryClient_SINOTHK-USER/sinothk-user: registering service...
2019-08-27 19:48:37.716  INFO 8680 --- [main] d.s.w.p.DocumentationPluginsBootstrapper : Found 1 custom documentation plugin(s)
2019-08-27 19:48:37.760  INFO 8680 --- [main] s.d.s.w.s.ApiListingReferenceScanner     : Scanning for api listing references
2019-08-27 19:48:37.775  INFO 8680 --- [DiscoveryClient-InstanceInfoReplicator-0] com.netflix.discovery.DiscoveryClient    : DiscoveryClient_SINOTHK-USER/sinothk-user - registration status: 204
2019-08-27 19:48:38.028  INFO 8680 --- [main] o.s.b.w.embedded.tomcat.TomcatWebServer  : Tomcat started on port(s): 11000 (http) with context path ''
2019-08-27 19:48:38.029  INFO 8680 --- [main] .s.c.n.e.s.EurekaAutoServiceRegistration : Updating port to 11000
2019-08-27 19:48:38.031  INFO 8680 --- [main] com.sinothk.user.SinothkUserApplication  : Started SinothkUserApplication in 16.702 seconds (JVM running for 17.955)
2019-08-27 19:49:07.671  INFO 8680 --- [DiscoveryClient-CacheRefreshExecutor-0] com.netflix.discovery.DiscoveryClient    : Disable delta property : false
2019-08-27 19:49:07.672  INFO 8680 --- [DiscoveryClient-CacheRefreshExecutor-0] com.netflix.discovery.DiscoveryClient    : Single vip registry refresh property : null
2019-08-27 19:49:07.672  INFO 8680 --- [DiscoveryClient-CacheRefreshExecutor-0] com.netflix.discovery.DiscoveryClient    : Force full registry fetch : false
2019-08-27 19:49:07.672  INFO 8680 --- [DiscoveryClient-CacheRefreshExecutor-0] com.netflix.discovery.DiscoveryClient    : Application is null : false
2019-08-27 19:49:07.672  INFO 8680 --- [DiscoveryClient-CacheRefreshExecutor-0] com.netflix.discovery.DiscoveryClient    : Registered Applications size is zero : true
2019-08-27 19:49:07.672  INFO 8680 --- [DiscoveryClient-CacheRefreshExecutor-0] com.netflix.discovery.DiscoveryClient    : Application version is -1: false
2019-08-27 19:49:07.672  INFO 8680 --- [DiscoveryClient-CacheRefreshExecutor-0] com.netflix.discovery.DiscoveryClient    : Getting all instance registry info from the eureka server
2019-08-27 19:49:07.734  INFO 8680 --- [DiscoveryClient-CacheRefreshExecutor-0] com.netflix.discovery.DiscoveryClient    : The response status is 200
2019-08-27 19:50:08.474  INFO 8680 --- [http-nio-11000-exec-1] o.a.c.c.C.[Tomcat].[localhost].[/]       : Initializing Spring DispatcherServlet 'dispatcherServlet'
2019-08-27 19:50:08.474  INFO 8680 --- [http-nio-11000-exec-1] o.s.web.servlet.DispatcherServlet        : Initializing Servlet 'dispatcherServlet'
2019-08-27 19:50:08.475 DEBUG 8680 --- [http-nio-11000-exec-1] o.s.web.servlet.DispatcherServlet        : Detected StandardServletMultipartResolver
2019-08-27 19:50:08.486 DEBUG 8680 --- [http-nio-11000-exec-1] o.s.web.servlet.DispatcherServlet        : enableLoggingRequestDetails='false': request parameters and headers will be masked to prevent unsafe logging of potentially sensitive data
2019-08-27 19:50:08.486  INFO 8680 --- [http-nio-11000-exec-1] o.s.web.servlet.DispatcherServlet        : Completed initialization in 12 ms
2019-08-27 19:50:08.494 DEBUG 8680 --- [http-nio-11000-exec-1] o.s.web.servlet.DispatcherServlet        : GET "/wxBiz/getOpenId?code=043TYT1m16Ouzq0ufW3m1zRP1m1TYT1M", parameters={masked}
2019-08-27 19:50:08.517 DEBUG 8680 --- [http-nio-11000-exec-1] s.w.s.m.m.a.RequestMappingHandlerMapping : Mapped to public com.sinothk.base.entity.ResultData<com.sinothk.user.domain.WxApiEntity> com.sinothk.user.controller.WxBizController.getOpenId(java.lang.String)
2019-08-27 19:50:09.958 DEBUG 8680 --- [http-nio-11000-exec-1] m.m.a.RequestResponseBodyMethodProcessor : Using 'application/json', given [*/*] and supported [application/json, application/*+json, application/json, application/*+json]
2019-08-27 19:50:09.958 DEBUG 8680 --- [http-nio-11000-exec-1] m.m.a.RequestResponseBodyMethodProcessor : Writing [ResultData [code=200, msg=成功, data=WxApiEntity(session_key=PdzKmZQ8Wexw+4U7kp7PLA==, openid=om5xp5Ce (truncated)...]
2019-08-27 19:50:09.967 DEBUG 8680 --- [http-nio-11000-exec-1] o.s.web.servlet.DispatcherServlet        : Completed 200 OK
2019-08-27 19:50:10.728 DEBUG 8680 --- [http-nio-11000-exec-2] o.s.web.servlet.DispatcherServlet        : POST "/wxBiz/loginByWx", parameters={}
2019-08-27 19:50:10.728 DEBUG 8680 --- [http-nio-11000-exec-2] s.w.s.m.m.a.RequestMappingHandlerMapping : Mapped to public com.sinothk.base.entity.ResultData<com.sinothk.user.domain.WxUserEntity> com.sinothk.user.controller.WxBizController.loginByWx(com.sinothk.user.domain.WxUserVo)
2019-08-27 19:50:10.745 DEBUG 8680 --- [http-nio-11000-exec-2] m.m.a.RequestResponseBodyMethodProcessor : Read "application/json;charset=UTF-8" to [WxUserVo(openid=om5xp5CeqZdfRKAzUG-MliUrRM_k, avatarUrl=https://wx.qlogo.cn/mmopen/vi_32/pbjN1D7TjYH (truncated)...]
2019-08-27 19:50:10.846 DEBUG 8680 --- [http-nio-11000-exec-2] m.m.a.RequestResponseBodyMethodProcessor : Using 'application/json', given [*/*] and supported [application/json, application/*+json, application/json, application/*+json]
2019-08-27 19:50:10.847 DEBUG 8680 --- [http-nio-11000-exec-2] m.m.a.RequestResponseBodyMethodProcessor : Writing [ResultData [code=200, msg=成功, data=WxUserEntity(openId=om5xp5CeqZdfRKAzUG-MliUrRM_k, session_key=nul (truncated)...]
2019-08-27 19:50:10.854 DEBUG 8680 --- [http-nio-11000-exec-2] o.s.web.servlet.DispatcherServlet        : Completed 200 OK
2019-08-27 19:50:13.277 DEBUG 8680 --- [http-nio-11000-exec-3] o.s.web.servlet.DispatcherServlet        : GET "/friend/getFriendsList?username=liangyt&pageNum=1", parameters={masked}
2019-08-27 19:50:13.278 DEBUG 8680 --- [http-nio-11000-exec-3] s.w.s.m.m.a.RequestMappingHandlerMapping : Mapped to public com.sinothk.base.entity.ResultData<com.sinothk.base.entity.PageData<java.util.ArrayList<com.sinothk.user.domain.FriendEntity>>> com.sinothk.user.controller.FriendController.getFriendsList(java.lang.String,int)
2019-08-27 19:50:13.281 DEBUG 8680 --- [http-nio-11000-exec-3] m.m.a.RequestResponseBodyMethodProcessor : Using 'application/json', given [*/*] and supported [application/json, application/*+json, application/json, application/*+json]
2019-08-27 19:50:13.281 DEBUG 8680 --- [http-nio-11000-exec-3] m.m.a.RequestResponseBodyMethodProcessor : Writing [ResultData [code=200, msg=成功, data=com.sinothk.base.entity.PageData@446dd334]]
2019-08-27 19:50:13.287 DEBUG 8680 --- [http-nio-11000-exec-3] o.s.web.servlet.DispatcherServlet        : Completed 200 OK
2019-08-27 19:50:15.301 DEBUG 8680 --- [http-nio-11000-exec-4] o.s.web.servlet.DispatcherServlet        : GET "/friend/getFriendsList?username=liangyt&pageNum=2", parameters={masked}
2019-08-27 19:50:15.302 DEBUG 8680 --- [http-nio-11000-exec-4] s.w.s.m.m.a.RequestMappingHandlerMapping : Mapped to public com.sinothk.base.entity.ResultData<com.sinothk.base.entity.PageData<java.util.ArrayList<com.sinothk.user.domain.FriendEntity>>> com.sinothk.user.controller.FriendController.getFriendsList(java.lang.String,int)
2019-08-27 19:50:15.304 DEBUG 8680 --- [http-nio-11000-exec-4] m.m.a.RequestResponseBodyMethodProcessor : Using 'application/json', given [*/*] and supported [application/json, application/*+json, application/json, application/*+json]
2019-08-27 19:50:15.304 DEBUG 8680 --- [http-nio-11000-exec-4] m.m.a.RequestResponseBodyMethodProcessor : Writing [ResultData [code=200, msg=成功, data=com.sinothk.base.entity.PageData@64c1d217]]
2019-08-27 19:50:15.305 DEBUG 8680 --- [http-nio-11000-exec-4] o.s.web.servlet.DispatcherServlet        : Completed 200 OK
